c:\users\user\source\repos\knightstour\x64\debug\vc143.pdb
c:\users\user\source\repos\knightstour\x64\debug\vc143.idb
c:\users\user\source\repos\knightstour\x64\debug\main.obj
c:\users\user\source\repos\knightstour\x64\debug\k_mover.obj
c:\users\user\source\repos\knightstour\x64\debug\k_functions.obj
c:\users\user\source\repos\knightstour\x64\debug\knightstour.pdb
c:\users\user\source\repos\knightstour\x64\debug\knightstour.tlog\cl.command.1.tlog
c:\users\user\source\repos\knightstour\x64\debug\knightstour.tlog\cl.read.1.tlog
c:\users\user\source\repos\knightstour\x64\debug\knightstour.tlog\cl.write.1.tlog
c:\users\user\source\repos\knightstour\x64\debug\knightstour.tlog\link-cvtres.read.1.tlog
c:\users\user\source\repos\knightstour\x64\debug\knightstour.tlog\link-cvtres.write.1.tlog
c:\users\user\source\repos\knightstour\x64\debug\knightstour.tlog\link-rc.read.1.tlog
c:\users\user\source\repos\knightstour\x64\debug\knightstour.tlog\link-rc.write.1.tlog
c:\users\user\source\repos\knightstour\x64\debug\knightstour.tlog\link.19000-cvtres.read.1.tlog
c:\users\user\source\repos\knightstour\x64\debug\knightstour.tlog\link.19000-cvtres.write.1.tlog
c:\users\user\source\repos\knightstour\x64\debug\knightstour.tlog\link.19000-rc.read.1.tlog
c:\users\user\source\repos\knightstour\x64\debug\knightstour.tlog\link.19000-rc.write.1.tlog
c:\users\user\source\repos\knightstour\x64\debug\knightstour.tlog\link.19000.read.1.tlog
c:\users\user\source\repos\knightstour\x64\debug\knightstour.tlog\link.19000.read.3.tlog
c:\users\user\source\repos\knightstour\x64\debug\knightstour.tlog\link.19000.write.1.tlog
c:\users\user\source\repos\knightstour\x64\debug\knightstour.tlog\link.command.1.tlog
c:\users\user\source\repos\knightstour\x64\debug\knightstour.tlog\link.read.1.tlog
c:\users\user\source\repos\knightstour\x64\debug\knightstour.tlog\link.read.2.tlog
c:\users\user\source\repos\knightstour\x64\debug\knightstour.tlog\link.read.3.tlog
c:\users\user\source\repos\knightstour\x64\debug\knightstour.tlog\link.write.1.tlog
